<?xml version="1.0" encoding="UTF-8"?>
<!-- Generated by org.testng.reporters.JUnitXMLReporter -->
<testsuite ignored="0" hostname="QT-INBG-LT0666" failures="6" tests="10" name="Test" time="71.274" errors="0" timestamp="2022-09-30T17:19:40 IST">
  <testcase classname="SignUp" name="signUp" time="6.755"/>
  <testcase classname="SignIn" name="SignUpLink" time="4.227"/>
  <testcase classname="SignIn" name="sign" time="4.959"/>
  <testcase classname="SignIn" name="sign" time="4.641">
    <failure type="java.lang.AssertionError" message="expected [https://qualicoach.org/mwapp/sign.html] but found [https://qualicoach.org/mwapp/index.html]">
      <![CDATA[java.lang.AssertionError: expected [https://qualicoach.org/mwapp/sign.html] but found [https://qualicoach.org/mwapp/index.html]
at SignIn.sign(SignIn.java:28)
at java.base/java.util.ArrayList.forEach(ArrayList.java:1511)
... Removed 33 stack frames]]>
    </failure>
  </testcase> <!-- sign -->
  <testcase classname="SignIn" name="sign" time="5.532">
    <failure type="java.lang.AssertionError" message="expected [https://qualicoach.org/mwapp/sign.html] but found [https://qualicoach.org/mwapp/index.html]">
      <![CDATA[java.lang.AssertionError: expected [https://qualicoach.org/mwapp/sign.html] but found [https://qualicoach.org/mwapp/index.html]
at SignIn.sign(SignIn.java:28)
at java.base/java.util.ArrayList.forEach(ArrayList.java:1511)
... Removed 33 stack frames]]>
    </failure>
  </testcase> <!-- sign -->
  <testcase classname="SignIn" name="sign" time="5.85">
    <failure type="java.lang.AssertionError" message="expected [https://qualicoach.org/mwapp/sign.html] but found [https://qualicoach.org/mwapp/index.html]">
      <![CDATA[java.lang.AssertionError: expected [https://qualicoach.org/mwapp/sign.html] but found [https://qualicoach.org/mwapp/index.html]
at SignIn.sign(SignIn.java:28)
at java.base/java.util.ArrayList.forEach(ArrayList.java:1511)
... Removed 33 stack frames]]>
    </failure>
  </testcase> <!-- sign -->
  <testcase classname="SignIn" name="sign" time="6.686">
    <failure type="java.lang.AssertionError" message="expected [https://qualicoach.org/mwapp/sign.html] but found [https://qualicoach.org/mwapp/index.html]">
      <![CDATA[java.lang.AssertionError: expected [https://qualicoach.org/mwapp/sign.html] but found [https://qualicoach.org/mwapp/index.html]
at SignIn.sign(SignIn.java:33)
at java.base/java.util.ArrayList.forEach(ArrayList.java:1511)
... Removed 33 stack frames]]>
    </failure>
  </testcase> <!-- sign -->
  <testcase classname="SignIn" name="sign" time="5.74">
    <failure type="java.lang.AssertionError" message="expected [https://qualicoach.org/mwapp/sign.html] but found [https://qualicoach.org/mwapp/index.html]">
      <![CDATA[java.lang.AssertionError: expected [https://qualicoach.org/mwapp/sign.html] but found [https://qualicoach.org/mwapp/index.html]
at SignIn.sign(SignIn.java:33)
at java.base/java.util.ArrayList.forEach(ArrayList.java:1511)
... Removed 33 stack frames]]>
    </failure>
  </testcase> <!-- sign -->
  <testcase classname="SignIn" name="sign" time="6.443">
    <failure type="java.lang.AssertionError" message="expected [https://qualicoach.org/mwapp/sign.html] but found [https://qualicoach.org/mwapp/index.html]">
      <![CDATA[java.lang.AssertionError: expected [https://qualicoach.org/mwapp/sign.html] but found [https://qualicoach.org/mwapp/index.html]
at SignIn.sign(SignIn.java:33)
at java.base/java.util.ArrayList.forEach(ArrayList.java:1511)
... Removed 33 stack frames]]>
    </failure>
  </testcase> <!-- sign -->
  <testcase classname="Order" name="odr" time="20.321"/>
</testsuite> <!-- Test -->
